<?xml version="1.0" encoding="UTF-8"?>
<testsuite xmlns:xsi="http://www.w3.org/2001/XMLSchema-instance" xsi:noNamespaceSchemaLocation="https://maven.apache.org/surefire/maven-surefire-plugin/xsd/surefire-test-report-3.0.xsd" version="3.0" name="ec.espe.edu.rolepaymentsystem.controller.EmployeeManagerTest" time="0.662" tests="4" errors="0" skipped="0" failures="1">
  <properties>
[...]
</properties>
  <testcase name="testRemoveEmployee" classname="ec.espe.edu.rolepaymentsystem.controller.EmployeeManagerTest" time="0.342"/>
  <testcase name="testGetEmployees" classname="ec.espe.edu.rolepaymentsystem.controller.EmployeeManagerTest" time="0.021">
    <failure message="expected: &lt;true&gt; but was: &lt;false&gt;" type="org.opentest4j.AssertionFailedError"><![CDATA[org.opentest4j.AssertionFailedError: expected: <true> but was: <false>
	at org.junit.jupiter.api.AssertionFailureBuilder.build(AssertionFailureBuilder.java:151)
	at org.junit.jupiter.api.AssertionFailureBuilder.buildAndThrow(AssertionFailureBuilder.java:132)
	at org.junit.jupiter.api.AssertTrue.failNotTrue(AssertTrue.java:63)
	at org.junit.jupiter.api.AssertTrue.assertTrue(AssertTrue.java:36)
	at org.junit.jupiter.api.AssertTrue.assertTrue(AssertTrue.java:31)
	at org.junit.jupiter.api.Assertions.assertTrue(Assertions.java:183)
	at ec.espe.edu.rolepaymentsystem.controller.EmployeeManagerTest.testGetEmployees(EmployeeManagerTest.java:295)
	at java.base/java.lang.reflect.Method.invoke(Method.java:580)
	at java.base/java.util.ArrayList.forEach(ArrayList.java:1597)
	at java.base/java.util.ArrayList.forEach(ArrayList.java:1597)
]]></failure>
  </testcase>
  <testcase name="testAddEmployee" classname="ec.espe.edu.rolepaymentsystem.controller.EmployeeManagerTest" time="0.096"/>
  <testcase name="testUpdateEmployee" classname="ec.espe.edu.rolepaymentsystem.controller.EmployeeManagerTest" time="0.106"/>
</testsuite>